<?xml version="1.0" encoding="UTF-8"?>
<!-- Generated by org.testng.reporters.JUnitReportReporter -->
<testsuite hostname="DESKTOP-0GVGS1M" failures="0" tests="1" name="com.TestCases.UnoTest" time="7.812" errors="0" timestamp="28 Mar 2019 19:29:03 GMT" skipped="0">
  <testcase classname="com.TestCases.UnoTest" name="runit" time="7.812"/>
</testsuite> <!-- com.TestCases.UnoTest -->
